#
# There is insufficient memory for the Java Runtime Environment to continue.
# Native memory allocation (malloc) failed to allocate 1658096 bytes. Error detail: Chunk::new
# Possible reasons:
#   The system is out of physical RAM or swap space
#   This process is running with CompressedOops enabled, and the Java Heap may be blocking the growth of the native heap
# Possible solutions:
#   Reduce memory load on the system
#   Increase physical memory or swap space
#   Check if swap backing store is full
#   Decrease Java heap size (-Xmx/-Xms)
#   Decrease number of Java threads
#   Decrease Java thread stack sizes (-Xss)
#   Set larger code cache with -XX:ReservedCodeCacheSize=
#   JVM is running with Unscaled Compressed Oops mode in which the Java heap is
#     placed in the first 4GB address space. The Java Heap base address is the
#     maximum limit for the native heap growth. Please use -XX:HeapBaseMinAddress
#     to set the Java Heap base and to place the Java Heap above 4GB virtual address.
# This output file may be truncated or incomplete.
#
#  Out of Memory Error (arena.cpp:191), pid=18392, tid=5560
#
# JRE version: OpenJDK Runtime Environment (17.0.11) (build 17.0.11+0--11852314)
# Java VM: OpenJDK 64-Bit Server VM (17.0.11+0--11852314, mixed mode, tiered, compressed oops, compressed class ptrs, g1 gc, windows-amd64)
# No core dump will be written. Minidumps are not enabled by default on client versions of Windows
#

---------------  S U M M A R Y ------------

Command Line: org.jetbrains.kotlin.cli.jvm.K2JVMCompiler @C:\Users\Damyiel\Downloads\basic-android-kotlin-compose-training-tip-calculator-main\basic-android-kotlin-compose-training-tip-calculator-main\app\build\20240925_15905065898134508895.compiler.options

Host: AMD Ryzen 5 2500U with Radeon Vega Mobile Gfx  , 8 cores, 6G,  Windows 10 , 64 bit Build 19041 (10.0.19041.4842)
Time: Wed Sep 25 07:05:47 2024 Taipei Standard Time elapsed time: 27.087576 seconds (0d 0h 0m 27s)

---------------  T H R E A D  ---------------

Current thread (0x000001e6d80258c0):  JavaThread "C2 CompilerThread0" daemon [_thread_in_native, id=5560, stack(0x0000009cbbb00000,0x0000009cbbc00000)]


Current CompileTask:
C2:  27088 3084       4       jdk.internal.loader.BuiltinClassLoader::defineClass (121 bytes)

Stack: [0x0000009cbbb00000,0x0000009cbbc00000]
Native frames: (J=compiled Java code, j=interpreted, Vv=VM code, C=native code)
V  [jvm.dll+0x687bb9]
V  [jvm.dll+0x84142a]
V  [jvm.dll+0x8430ae]
V  [jvm.dll+0x843713]
V  [jvm.dll+0x24a35f]
V  [jvm.dll+0xac544]
V  [jvm.dll+0xacb8c]
V  [jvm.dll+0x369be2]
V  [jvm.dll+0x1be126]
V  [jvm.dll+0x21c029]
V  [jvm.dll+0x21b311]
V  [jvm.dll+0x1a63ed]
V  [jvm.dll+0x22b1ee]
V  [jvm.dll+0x229375]
V  [jvm.dll+0x7f5647]
V  [jvm.dll+0x7efa4a]
V  [jvm.dll+0x686a35]
C  [ucrtbase.dll+0x21bb2]
C  [KERNEL32.DLL+0x17374]
C  [ntdll.dll+0x4cc91]


---------------  P R O C E S S  ---------------

Threads class SMR info:
_java_thread_list=0x000001e6d81afc40, length=12, elements={
0x000001e6ba93d770, 0x000001e6d3d627e0, 0x000001e6d3d63660, 0x000001e6d3da5050,
0x000001e6d3da5a20, 0x000001e6d80243f0, 0x000001e6d8024cc0, 0x000001e6d80258c0,
0x000001e6d8028eb0, 0x000001e6d803c010, 0x000001e6d81abfd0, 0x000001e6d81c0e20
}

Java Threads: ( => current thread )
  0x000001e6ba93d770 JavaThread "main" [_thread_in_native, id=22796, stack(0x0000009cbae00000,0x0000009cbaf00000)]
  0x000001e6d3d627e0 JavaThread "Reference Handler" daemon [_thread_blocked, id=40628, stack(0x0000009cbb500000,0x0000009cbb600000)]
  0x000001e6d3d63660 JavaThread "Finalizer" daemon [_thread_blocked, id=16676, stack(0x0000009cbb600000,0x0000009cbb700000)]
  0x000001e6d3da5050 JavaThread "Signal Dispatcher" daemon [_thread_blocked, id=31804, stack(0x0000009cbb700000,0x0000009cbb800000)]
  0x000001e6d3da5a20 JavaThread "Attach Listener" daemon [_thread_blocked, id=15692, stack(0x0000009cbb800000,0x0000009cbb900000)]
  0x000001e6d80243f0 JavaThread "Service Thread" daemon [_thread_blocked, id=37748, stack(0x0000009cbb900000,0x0000009cbba00000)]
  0x000001e6d8024cc0 JavaThread "Monitor Deflation Thread" daemon [_thread_blocked, id=35484, stack(0x0000009cbba00000,0x0000009cbbb00000)]
=>0x000001e6d80258c0 JavaThread "C2 CompilerThread0" daemon [_thread_in_native, id=5560, stack(0x0000009cbbb00000,0x0000009cbbc00000)]
  0x000001e6d8028eb0 JavaThread "C1 CompilerThread0" daemon [_thread_blocked, id=1916, stack(0x0000009cbbc00000,0x0000009cbbd00000)]
  0x000001e6d803c010 JavaThread "Sweeper thread" daemon [_thread_blocked, id=33112, stack(0x0000009cbbd00000,0x0000009cbbe00000)]
  0x000001e6d81abfd0 JavaThread "Notification Thread" daemon [_thread_blocked, id=42120, stack(0x0000009cbbe00000,0x0000009cbbf00000)]
  0x000001e6d81c0e20 JavaThread "Common-Cleaner" daemon [_thread_blocked, id=43024, stack(0x0000009cbc000000,0x0000009cbc100000)]

Other Threads:
  0x000001e6d3d61360 VMThread "VM Thread" [stack: 0x0000009cbb400000,0x0000009cbb500000] [id=15216]
  0x000001e6d81af720 WatcherThread [stack: 0x0000009cbbf00000,0x0000009cbc000000] [id=17292]
  0x000001e6ba991d60 GCTaskThread "GC Thread#0" [stack: 0x0000009cbaf00000,0x0000009cbb000000] [id=35708]
  0x000001e6d8662410 GCTaskThread "GC Thread#1" [stack: 0x0000009cbc100000,0x0000009cbc200000] [id=12924]
  0x000001e6d87b6210 GCTaskThread "GC Thread#2" [stack: 0x0000009cbc200000,0x0000009cbc300000] [id=13080]
  0x000001e6d87b64d0 GCTaskThread "GC Thread#3" [stack: 0x0000009cbc300000,0x0000009cbc400000] [id=25800]
  0x000001e6d87b6ba0 GCTaskThread "GC Thread#4" [stack: 0x0000009cbc400000,0x0000009cbc500000] [id=10712]
  0x000001e6d8cceca0 GCTaskThread "GC Thread#5" [stack: 0x0000009cbc500000,0x0000009cbc600000] [id=16972]
  0x000001e6d87ff2b0 GCTaskThread "GC Thread#6" [stack: 0x0000009cbc600000,0x0000009cbc700000] [id=40072]
  0x000001e6d87ff570 GCTaskThread "GC Thread#7" [stack: 0x0000009cbc700000,0x0000009cbc800000] [id=36352]
  0x000001e6ba9a09b0 ConcurrentGCThread "G1 Main Marker" [stack: 0x0000009cbb000000,0x0000009cbb100000] [id=14572]
  0x000001e6ba9a13d0 ConcurrentGCThread "G1 Conc#0" [stack: 0x0000009cbb100000,0x0000009cbb200000] [id=40292]
  0x000001e6d8a87520 ConcurrentGCThread "G1 Conc#1" [stack: 0x0000009cbc800000,0x0000009cbc900000] [id=7484]
  0x000001e6ba9f3630 ConcurrentGCThread "G1 Refine#0" [stack: 0x0000009cbb200000,0x0000009cbb300000] [id=10796]
  0x000001e6d3bd2210 ConcurrentGCThread "G1 Service" [stack: 0x0000009cbb300000,0x0000009cbb400000] [id=39472]

Threads with active compile tasks:
C2 CompilerThread0    27194 3084       4       jdk.internal.loader.BuiltinClassLoader::defineClass (121 bytes)

VM state: not at safepoint (normal execution)

VM Mutex/Monitor currently owned by a thread: None

Heap address: 0x0000000091800000, size: 1768 MB, Compressed Oops mode: 32-bit

CDS archive(s) not mapped
Compressed class space mapped at: 0x0000000100000000-0x0000000140000000, reserved size: 1073741824
Narrow klass base: 0x0000000000000000, Narrow klass shift: 3, Narrow klass range: 0x140000000

GC Precious Log:
 CPUs: 8 total, 8 available
 Memory: 7069M
 Large Page Support: Disabled
 NUMA Support: Disabled
 Compressed Oops: Enabled (32-bit)
 Heap Region Size: 1M
 Heap Min Capacity: 8M
 Heap Initial Capacity: 112M
 Heap Max Capacity: 1768M
 Pre-touch: Disabled
 Parallel Workers: 8
 Concurrent Workers: 2
 Concurrent Refinement Workers: 8
 Periodic GC: Disabled

Heap:
 garbage-first heap   total 54272K, used 25344K [0x0000000091800000, 0x0000000100000000)
  region size 1024K, 6 young (6144K), 2 survivors (2048K)
 Metaspace       used 45996K, committed 46208K, reserved 1114112K
  class space    used 5616K, committed 5696K, reserved 1048576K

Heap Regions: E=young(eden), S=young(survivor), O=old, HS=humongous(starts), HC=humongous(continues), CS=collection set, F=free, OA=open archive, CA=closed archive, TAMS=top-at-mark-start (previous, next)
|   0|0x0000000091800000, 0x0000000091900000, 0x0000000091900000|100%|HS|  |TAMS 0x0000000091900000, 0x0000000091800000| Complete 
|   1|0x0000000091900000, 0x0000000091a00000, 0x0000000091a00000|100%|HC|  |TAMS 0x0000000091a00000, 0x0000000091900000| Complete 
|   2|0x0000000091a00000, 0x0000000091b00000, 0x0000000091b00000|100%|HC|  |TAMS 0x0000000091b00000, 0x0000000091a00000| Complete 
|   3|0x0000000091b00000, 0x0000000091c00000, 0x0000000091c00000|100%|HC|  |TAMS 0x0000000091c00000, 0x0000000091b00000| Complete 
|   4|0x0000000091c00000, 0x0000000091d00000, 0x0000000091d00000|100%| O|  |TAMS 0x0000000091d00000, 0x0000000091c00000| Untracked 
|   5|0x0000000091d00000, 0x0000000091e00000, 0x0000000091e00000|100%| O|  |TAMS 0x0000000091e00000, 0x0000000091d00000| Untracked 
|   6|0x0000000091e00000, 0x0000000091f00000, 0x0000000091f00000|100%| O|  |TAMS 0x0000000091f00000, 0x0000000091e00000| Untracked 
|   7|0x0000000091f00000, 0x0000000092000000, 0x0000000092000000|100%| O|  |TAMS 0x0000000092000000, 0x0000000091f00000| Untracked 
|   8|0x0000000092000000, 0x0000000092100000, 0x0000000092100000|100%| O|  |TAMS 0x0000000092000000, 0x0000000092000000| Untracked 
|   9|0x0000000092100000, 0x0000000092200000, 0x0000000092200000|100%| O|  |TAMS 0x0000000092200000, 0x0000000092100000| Untracked 
|  10|0x0000000092200000, 0x0000000092300000, 0x0000000092300000|100%| O|  |TAMS 0x0000000092300000, 0x0000000092200000| Untracked 
|  11|0x0000000092300000, 0x0000000092400000, 0x0000000092400000|100%| O|  |TAMS 0x0000000092400000, 0x0000000092300000| Untracked 
|  12|0x0000000092400000, 0x0000000092500000, 0x0000000092500000|100%| O|  |TAMS 0x0000000092400000, 0x0000000092400000| Untracked 
|  13|0x0000000092500000, 0x0000000092600000, 0x0000000092600000|100%| O|  |TAMS 0x0000000092500000, 0x0000000092500000| Untracked 
|  14|0x0000000092600000, 0x0000000092700000, 0x0000000092700000|100%| O|  |TAMS 0x0000000092700000, 0x0000000092600000| Untracked 
|  15|0x0000000092700000, 0x0000000092800000, 0x0000000092800000|100%| O|  |TAMS 0x0000000092800000, 0x0000000092700000| Untracked 
|  16|0x0000000092800000, 0x0000000092900000, 0x0000000092900000|100%| O|  |TAMS 0x0000000092900000, 0x0000000092800000| Untracked 
|  17|0x0000000092900000, 0x0000000092a00000, 0x0000000092a00000|100%| O|  |TAMS 0x0000000092a00000, 0x0000000092900000| Untracked 
|  18|0x0000000092a00000, 0x0000000092b00000, 0x0000000092b00000|100%| O|  |TAMS 0x0000000092a81400, 0x0000000092a00000| Untracked 
|  19|0x0000000092b00000, 0x0000000092b44a00, 0x0000000092c00000| 26%| O|  |TAMS 0x0000000092b00000, 0x0000000092b00000| Untracked 
|  20|0x0000000092c00000, 0x0000000092d00000, 0x0000000092d00000|100%| O|  |TAMS 0x0000000092d00000, 0x0000000092c00000| Untracked 
|  21|0x0000000092d00000, 0x0000000092d00000, 0x0000000092e00000|  0%| F|  |TAMS 0x0000000092d00000, 0x0000000092d00000| Untracked 
|  22|0x0000000092e00000, 0x0000000092e00000, 0x0000000092f00000|  0%| F|  |TAMS 0x0000000092e00000, 0x0000000092e00000| Untracked 
|  23|0x0000000092f00000, 0x0000000092f00000, 0x0000000093000000|  0%| F|  |TAMS 0x0000000092f00000, 0x0000000092f00000| Untracked 
|  24|0x0000000093000000, 0x0000000093000000, 0x0000000093100000|  0%| F|  |TAMS 0x0000000093000000, 0x0000000093000000| Untracked 
|  25|0x0000000093100000, 0x0000000093100000, 0x0000000093200000|  0%| F|  |TAMS 0x0000000093100000, 0x0000000093100000| Untracked 
|  26|0x0000000093200000, 0x0000000093200000, 0x0000000093300000|  0%| F|  |TAMS 0x0000000093200000, 0x0000000093200000| Untracked 
|  27|0x0000000093300000, 0x0000000093300000, 0x0000000093400000|  0%| F|  |TAMS 0x0000000093300000, 0x0000000093300000| Untracked 
|  28|0x0000000093400000, 0x0000000093400000, 0x0000000093500000|  0%| F|  |TAMS 0x0000000093400000, 0x0000000093400000| Untracked 
|  29|0x0000000093500000, 0x0000000093500000, 0x0000000093600000|  0%| F|  |TAMS 0x0000000093500000, 0x0000000093500000| Untracked 
|  30|0x0000000093600000, 0x0000000093600000, 0x0000000093700000|  0%| F|  |TAMS 0x0000000093600000, 0x0000000093600000| Untracked 
|  31|0x0000000093700000, 0x0000000093700000, 0x0000000093800000|  0%| F|  |TAMS 0x0000000093700000, 0x0000000093700000| Untracked 
|  32|0x0000000093800000, 0x000000009387b720, 0x0000000093900000| 48%| S|CS|TAMS 0x0000000093800000, 0x0000000093800000| Complete 
|  33|0x0000000093900000, 0x0000000093a00000, 0x0000000093a00000|100%| S|CS|TAMS 0x0000000093900000, 0x0000000093900000| Complete 
|  34|0x0000000093a00000, 0x0000000093a00000, 0x0000000093b00000|  0%| F|  |TAMS 0x0000000093a00000, 0x0000000093a00000| Untracked 
|  35|0x0000000093b00000, 0x0000000093b00000, 0x0000000093c00000|  0%| F|  |TAMS 0x0000000093b00000, 0x0000000093b00000| Untracked 
|  36|0x0000000093c00000, 0x0000000093c00000, 0x0000000093d00000|  0%| F|  |TAMS 0x0000000093c00000, 0x0000000093c00000| Untracked 
|  37|0x0000000093d00000, 0x0000000093d00000, 0x0000000093e00000|  0%| F|  |TAMS 0x0000000093d00000, 0x0000000093d00000| Untracked 
|  38|0x0000000093e00000, 0x0000000093e00000, 0x0000000093f00000|  0%| F|  |TAMS 0x0000000093e00000, 0x0000000093e00000| Untracked 
|  39|0x0000000093f00000, 0x0000000093f00000, 0x0000000094000000|  0%| F|  |TAMS 0x0000000093f00000, 0x0000000093f00000| Untracked 
|  40|0x0000000094000000, 0x0000000094000000, 0x0000000094100000|  0%| F|  |TAMS 0x0000000094000000, 0x0000000094000000| Untracked 
|  41|0x0000000094100000, 0x0000000094100000, 0x0000000094200000|  0%| F|  |TAMS 0x0000000094100000, 0x0000000094100000| Untracked 
|  42|0x0000000094200000, 0x0000000094200000, 0x0000000094300000|  0%| F|  |TAMS 0x0000000094200000, 0x0000000094200000| Untracked 
|  43|0x0000000094300000, 0x0000000094300000, 0x0000000094400000|  0%| F|  |TAMS 0x0000000094300000, 0x0000000094300000| Untracked 
|  44|0x0000000094400000, 0x0000000094400000, 0x0000000094500000|  0%| F|  |TAMS 0x0000000094400000, 0x0000000094400000| Untracked 
|  45|0x0000000094500000, 0x0000000094500000, 0x0000000094600000|  0%| F|  |TAMS 0x0000000094500000, 0x0000000094500000| Untracked 
|  46|0x0000000094600000, 0x0000000094600000, 0x0000000094700000|  0%| F|  |TAMS 0x0000000094600000, 0x0000000094600000| Untracked 
|  47|0x0000000094700000, 0x0000000094700000, 0x0000000094800000|  0%| F|  |TAMS 0x0000000094700000, 0x0000000094700000| Untracked 
|  74|0x0000000096200000, 0x0000000096200000, 0x0000000096300000|  0%| F|  |TAMS 0x0000000096200000, 0x0000000096200000| Untracked 
|  75|0x0000000096300000, 0x000000009635b6f8, 0x0000000096400000| 35%| E|  |TAMS 0x0000000096300000, 0x0000000096300000| Complete 
|  76|0x0000000096400000, 0x0000000096500000, 0x0000000096500000|100%| E|CS|TAMS 0x0000000096400000, 0x0000000096400000| Complete 
|  77|0x0000000096500000, 0x0000000096600000, 0x0000000096600000|100%| E|CS|TAMS 0x0000000096500000, 0x0000000096500000| Complete 
| 111|0x0000000098700000, 0x0000000098800000, 0x0000000098800000|100%| E|CS|TAMS 0x0000000098700000, 0x0000000098700000| Complete 

Card table byte_map: [0x000001e6cd4e0000,0x000001e6cd860000] _byte_map_base: 0x000001e6cd054000

Marking Bits (Prev, Next): (CMBitMap*) 0x000001e6ba9923c0, (CMBitMap*) 0x000001e6ba992380
 Prev Bits: [0x000001e6cf780000, 0x000001e6d1320000)
 Next Bits: [0x000001e6cdbe0000, 0x000001e6cf780000)

Polling page: 0x000001e6b8740000

Metaspace:

Usage:
  Non-class:     39.45 MB used.
      Class:      5.49 MB used.
       Both:     44.93 MB used.

Virtual space:
  Non-class space:       64.00 MB reserved,      39.56 MB ( 62%) committed,  1 nodes.
      Class space:        1.00 GB reserved,       5.56 MB ( <1%) committed,  1 nodes.
             Both:        1.06 GB reserved,      45.12 MB (  4%) committed. 

Chunk freelists:
   Non-Class:  8.45 MB
       Class:  10.38 MB
        Both:  18.83 MB

MaxMetaspaceSize: unlimited
CompressedClassSpaceSize: 1.00 GB
Initial GC threshold: 21.00 MB
Current GC threshold: 58.88 MB
CDS: off
MetaspaceReclaimPolicy: balanced
 - commit_granule_bytes: 65536.
 - commit_granule_words: 8192.
 - virtual_space_node_default_size: 8388608.
 - enlarge_chunks_in_place: 1.
 - new_chunks_are_fully_committed: 0.
 - uncommit_free_chunks: 1.
 - use_allocation_guard: 0.
 - handle_deallocations: 1.


Internal statistics:

num_allocs_failed_limit: 6.
num_arena_births: 176.
num_arena_deaths: 0.
num_vsnodes_births: 2.
num_vsnodes_deaths: 0.
num_space_committed: 721.
num_space_uncommitted: 0.
num_chunks_returned_to_freelist: 6.
num_chunks_taken_from_freelist: 1495.
num_chunk_merges: 3.
num_chunk_splits: 1241.
num_chunks_enlarged: 1115.
num_inconsistent_stats: 0.

CodeHeap 'non-profiled nmethods': size=120000Kb used=1208Kb max_used=1208Kb free=118791Kb
 bounds [0x000001e6c58f0000, 0x000001e6c5b60000, 0x000001e6cce20000]
CodeHeap 'profiled nmethods': size=120000Kb used=6481Kb max_used=6481Kb free=113519Kb
 bounds [0x000001e6bde20000, 0x000001e6be480000, 0x000001e6c5350000]
CodeHeap 'non-nmethods': size=5760Kb used=1260Kb max_used=1283Kb free=4499Kb
 bounds [0x000001e6c5350000, 0x000001e6c55c0000, 0x000001e6c58f0000]
 total_blobs=3695 nmethods=3124 adapters=483
 compilation: enabled
              stopped_count=0, restarted_count=0
 full_count=0

Compilation events (20 events):
Event: 26.931 Thread 0x000001e6d8028eb0 3125       1       kotlin.Pair::getFirst (5 bytes)
Event: 26.931 Thread 0x000001e6d8028eb0 nmethod 3125 0x000001e6c5a1d710 code [0x000001e6c5a1d8a0, 0x000001e6c5a1d978]
Event: 26.987 Thread 0x000001e6d8028eb0 3126       3       org.jetbrains.org.objectweb.asm.ClassReader::readUnsignedShort (26 bytes)
Event: 26.987 Thread 0x000001e6d8028eb0 nmethod 3126 0x000001e6be46e110 code [0x000001e6be46e2a0, 0x000001e6be46e418]
Event: 27.010 Thread 0x000001e6d8028eb0 3127       3       org.jetbrains.org.objectweb.asm.ClassReader::readInt (52 bytes)
Event: 27.011 Thread 0x000001e6d8028eb0 nmethod 3127 0x000001e6be46e510 code [0x000001e6be46e6a0, 0x000001e6be46e878]
Event: 27.012 Thread 0x000001e6d8028eb0 3128       3       org.jetbrains.org.objectweb.asm.ClassReader::readUtf (161 bytes)
Event: 27.013 Thread 0x000001e6d8028eb0 nmethod 3128 0x000001e6be46e990 code [0x000001e6be46eb60, 0x000001e6be46efc8]
Event: 27.013 Thread 0x000001e6d8028eb0 3130       3       org.jetbrains.org.objectweb.asm.ClassReader::readUTF8 (23 bytes)
Event: 27.013 Thread 0x000001e6d8028eb0 nmethod 3130 0x000001e6be46f290 code [0x000001e6be46f440, 0x000001e6be46f698]
Event: 27.013 Thread 0x000001e6d8028eb0 3131       3       org.jetbrains.org.objectweb.asm.ClassReader::readUtf (44 bytes)
Event: 27.014 Thread 0x000001e6d8028eb0 nmethod 3131 0x000001e6be46f790 code [0x000001e6be46f960, 0x000001e6be46fd38]
Event: 27.039 Thread 0x000001e6d8028eb0 3133       3       org.jetbrains.kotlin.name.ClassId::getPackageFqName (13 bytes)
Event: 27.039 Thread 0x000001e6d8028eb0 nmethod 3133 0x000001e6be46ff10 code [0x000001e6be4700c0, 0x000001e6be470248]
Event: 27.056 Thread 0x000001e6d8028eb0 3134       3       java.text.StringCharacterIterator::current (37 bytes)
Event: 27.057 Thread 0x000001e6d8028eb0 nmethod 3134 0x000001e6be470310 code [0x000001e6be470520, 0x000001e6be470b98]
Event: 27.057 Thread 0x000001e6d8028eb0 3135       3       java.text.StringCharacterIterator::next (46 bytes)
Event: 27.058 Thread 0x000001e6d8028eb0 nmethod 3135 0x000001e6be470e10 code [0x000001e6be471020, 0x000001e6be471638]
Event: 27.058 Thread 0x000001e6d8028eb0 3136       1       kotlin.ranges.IntProgressionIterator::hasNext (5 bytes)
Event: 27.058 Thread 0x000001e6d8028eb0 nmethod 3136 0x000001e6c5a1da10 code [0x000001e6c5a1dba0, 0x000001e6c5a1dc78]

GC Heap History (20 events):
Event: 9.056 GC heap before
{Heap before GC invocations=0 (full 0):
 garbage-first heap   total 114688K, used 27648K [0x0000000091800000, 0x0000000100000000)
  region size 1024K, 23 young (23552K), 0 survivors (0K)
 Metaspace       used 13387K, committed 13504K, reserved 1114112K
  class space    used 1290K, committed 1344K, reserved 1048576K
}
Event: 9.109 GC heap after
{Heap after GC invocations=1 (full 0):
 garbage-first heap   total 114688K, used 6784K [0x0000000091800000, 0x0000000100000000)
  region size 1024K, 3 young (3072K), 3 survivors (3072K)
 Metaspace       used 13387K, committed 13504K, reserved 1114112K
  class space    used 1290K, committed 1344K, reserved 1048576K
}
Event: 14.548 GC heap before
{Heap before GC invocations=1 (full 0):
 garbage-first heap   total 114688K, used 37504K [0x0000000091800000, 0x0000000100000000)
  region size 1024K, 34 young (34816K), 3 survivors (3072K)
 Metaspace       used 21361K, committed 21504K, reserved 1114112K
  class space    used 2322K, committed 2432K, reserved 1048576K
}
Event: 14.572 GC heap after
{Heap after GC invocations=2 (full 0):
 garbage-first heap   total 114688K, used 10289K [0x0000000091800000, 0x0000000100000000)
  region size 1024K, 4 young (4096K), 4 survivors (4096K)
 Metaspace       used 21361K, committed 21504K, reserved 1114112K
  class space    used 2322K, committed 2432K, reserved 1048576K
}
Event: 18.077 GC heap before
{Heap before GC invocations=3 (full 0):
 garbage-first heap   total 40960K, used 30769K [0x0000000091800000, 0x0000000100000000)
  region size 1024K, 24 young (24576K), 4 survivors (4096K)
 Metaspace       used 27678K, committed 27840K, reserved 1114112K
  class space    used 3212K, committed 3264K, reserved 1048576K
}
Event: 18.096 GC heap after
{Heap after GC invocations=4 (full 0):
 garbage-first heap   total 40960K, used 11507K [0x0000000091800000, 0x0000000100000000)
  region size 1024K, 2 young (2048K), 2 survivors (2048K)
 Metaspace       used 27678K, committed 27840K, reserved 1114112K
  class space    used 3212K, committed 3264K, reserved 1048576K
}
Event: 18.231 GC heap before
{Heap before GC invocations=4 (full 0):
 garbage-first heap   total 40960K, used 12531K [0x0000000091800000, 0x0000000100000000)
  region size 1024K, 3 young (3072K), 2 survivors (2048K)
 Metaspace       used 28197K, committed 28352K, reserved 1114112K
  class space    used 3386K, committed 3456K, reserved 1048576K
}
Event: 18.240 GC heap after
{Heap after GC invocations=5 (full 0):
 garbage-first heap   total 40960K, used 11558K [0x0000000091800000, 0x0000000100000000)
  region size 1024K, 1 young (1024K), 1 survivors (1024K)
 Metaspace       used 28197K, committed 28352K, reserved 1114112K
  class space    used 3386K, committed 3456K, reserved 1048576K
}
Event: 20.680 GC heap before
{Heap before GC invocations=5 (full 0):
 garbage-first heap   total 40960K, used 33062K [0x0000000091800000, 0x0000000100000000)
  region size 1024K, 20 young (20480K), 1 survivors (1024K)
 Metaspace       used 29943K, committed 30144K, reserved 1114112K
  class space    used 3680K, committed 3776K, reserved 1048576K
}
Event: 20.700 GC heap after
{Heap after GC invocations=6 (full 0):
 garbage-first heap   total 40960K, used 18293K [0x0000000091800000, 0x0000000100000000)
  region size 1024K, 3 young (3072K), 3 survivors (3072K)
 Metaspace       used 29943K, committed 30144K, reserved 1114112K
  class space    used 3680K, committed 3776K, reserved 1048576K
}
Event: 22.381 GC heap before
{Heap before GC invocations=7 (full 0):
 garbage-first heap   total 40960K, used 30581K [0x0000000091800000, 0x0000000100000000)
  region size 1024K, 15 young (15360K), 3 survivors (3072K)
 Metaspace       used 33717K, committed 33920K, reserved 1114112K
  class space    used 4305K, committed 4416K, reserved 1048576K
}
Event: 22.395 GC heap after
{Heap after GC invocations=8 (full 0):
 garbage-first heap   total 40960K, used 19671K [0x0000000091800000, 0x0000000100000000)
  region size 1024K, 2 young (2048K), 2 survivors (2048K)
 Metaspace       used 33717K, committed 33920K, reserved 1114112K
  class space    used 4305K, committed 4416K, reserved 1048576K
}
Event: 22.497 GC heap before
{Heap before GC invocations=8 (full 0):
 garbage-first heap   total 40960K, used 20695K [0x0000000091800000, 0x0000000100000000)
  region size 1024K, 3 young (3072K), 2 survivors (2048K)
 Metaspace       used 33846K, committed 34112K, reserved 1114112K
  class space    used 4319K, committed 4416K, reserved 1048576K
}
Event: 22.503 GC heap after
{Heap after GC invocations=9 (full 0):
 garbage-first heap   total 40960K, used 19333K [0x0000000091800000, 0x0000000100000000)
  region size 1024K, 1 young (1024K), 1 survivors (1024K)
 Metaspace       used 33846K, committed 34112K, reserved 1114112K
  class space    used 4319K, committed 4416K, reserved 1048576K
}
Event: 23.326 GC heap before
{Heap before GC invocations=9 (full 0):
 garbage-first heap   total 40960K, used 29573K [0x0000000091800000, 0x0000000100000000)
  region size 1024K, 12 young (12288K), 1 survivors (1024K)
 Metaspace       used 35872K, committed 36160K, reserved 1114112K
  class space    used 4555K, committed 4672K, reserved 1048576K
}
Event: 23.333 GC heap after
{Heap after GC invocations=10 (full 0):
 garbage-first heap   total 54272K, used 18245K [0x0000000091800000, 0x0000000100000000)
  region size 1024K, 2 young (2048K), 2 survivors (2048K)
 Metaspace       used 35872K, committed 36160K, reserved 1114112K
  class space    used 4555K, committed 4672K, reserved 1048576K
}
Event: 24.366 GC heap before
{Heap before GC invocations=11 (full 0):
 garbage-first heap   total 54272K, used 38725K [0x0000000091800000, 0x0000000100000000)
  region size 1024K, 23 young (23552K), 2 survivors (2048K)
 Metaspace       used 40277K, committed 40512K, reserved 1114112K
  class space    used 4940K, committed 5056K, reserved 1048576K
}
Event: 24.377 GC heap after
{Heap after GC invocations=12 (full 0):
 garbage-first heap   total 54272K, used 20675K [0x0000000091800000, 0x0000000100000000)
  region size 1024K, 3 young (3072K), 3 survivors (3072K)
 Metaspace       used 40277K, committed 40512K, reserved 1114112K
  class space    used 4940K, committed 5056K, reserved 1048576K
}
Event: 26.840 GC heap before
{Heap before GC invocations=12 (full 0):
 garbage-first heap   total 54272K, used 40131K [0x0000000091800000, 0x0000000100000000)
  region size 1024K, 22 young (22528K), 3 survivors (3072K)
 Metaspace       used 45239K, committed 45504K, reserved 1114112K
  class space    used 5529K, committed 5632K, reserved 1048576K
}
Event: 26.855 GC heap after
{Heap after GC invocations=13 (full 0):
 garbage-first heap   total 54272K, used 22272K [0x0000000091800000, 0x0000000100000000)
  region size 1024K, 2 young (2048K), 2 survivors (2048K)
 Metaspace       used 45239K, committed 45504K, reserved 1114112K
  class space    used 5529K, committed 5632K, reserved 1048576K
}

Dll operation events (2 events):
Event: 1.409 Loaded shared library C:\Program Files\Android\Android Studio\jbr\bin\java.dll
Event: 17.202 Loaded shared library C:\Program Files\Android\Android Studio\jbr\bin\verify.dll

Deoptimization events (20 events):
Event: 26.144 Thread 0x000001e6ba93d770 Uncommon trap: trap_request=0xffffffde fr.pc=0x000001e6c59ded38 relative=0x0000000000000eb8
Event: 26.144 Thread 0x000001e6ba93d770 Uncommon trap: reason=class_check action=maybe_recompile pc=0x000001e6c59ded38 method=java.util.HashMap.putVal(ILjava/lang/Object;Ljava/lang/Object;ZZ)Ljava/lang/Object; @ 203 c2
Event: 26.144 Thread 0x000001e6ba93d770 DEOPT PACKING pc=0x000001e6c59ded38 sp=0x0000009cbaefccc0
Event: 26.144 Thread 0x000001e6ba93d770 DEOPT UNPACKING pc=0x000001e6c53a69a3 sp=0x0000009cbaefcc50 mode 2
Event: 26.149 Thread 0x000001e6ba93d770 Uncommon trap: trap_request=0xffffffde fr.pc=0x000001e6c59ded38 relative=0x0000000000000eb8
Event: 26.149 Thread 0x000001e6ba93d770 Uncommon trap: reason=class_check action=maybe_recompile pc=0x000001e6c59ded38 method=java.util.HashMap.putVal(ILjava/lang/Object;Ljava/lang/Object;ZZ)Ljava/lang/Object; @ 203 c2
Event: 26.149 Thread 0x000001e6ba93d770 DEOPT PACKING pc=0x000001e6c59ded38 sp=0x0000009cbaefccc0
Event: 26.150 Thread 0x000001e6ba93d770 DEOPT UNPACKING pc=0x000001e6c53a69a3 sp=0x0000009cbaefcc50 mode 2
Event: 26.255 Thread 0x000001e6ba93d770 Uncommon trap: trap_request=0xffffff45 fr.pc=0x000001e6c5a0b044 relative=0x0000000000001864
Event: 26.255 Thread 0x000001e6ba93d770 Uncommon trap: reason=unstable_if action=reinterpret pc=0x000001e6c5a0b044 method=java.util.concurrent.ConcurrentHashMap.computeIfAbsent(Ljava/lang/Object;Ljava/util/function/Function;)Ljava/lang/Object; @ 312 c2
Event: 26.281 Thread 0x000001e6ba93d770 DEOPT PACKING pc=0x000001e6c5a0b044 sp=0x0000009cbaefc910
Event: 26.282 Thread 0x000001e6ba93d770 DEOPT UNPACKING pc=0x000001e6c53a69a3 sp=0x0000009cbaefc8a8 mode 2
Event: 26.352 Thread 0x000001e6ba93d770 Uncommon trap: trap_request=0xffffff45 fr.pc=0x000001e6c59d5244 relative=0x0000000000000184
Event: 26.352 Thread 0x000001e6ba93d770 Uncommon trap: reason=unstable_if action=reinterpret pc=0x000001e6c59d5244 method=org.jetbrains.kotlin.com.intellij.util.SmartList.get(I)Ljava/lang/Object; @ 13 c2
Event: 26.352 Thread 0x000001e6ba93d770 DEOPT PACKING pc=0x000001e6c59d5244 sp=0x0000009cbaefdea0
Event: 26.353 Thread 0x000001e6ba93d770 DEOPT UNPACKING pc=0x000001e6c53a69a3 sp=0x0000009cbaefddc8 mode 2
Event: 26.353 Thread 0x000001e6ba93d770 Uncommon trap: trap_request=0xffffff45 fr.pc=0x000001e6c59c0a84 relative=0x00000000000000e4
Event: 26.353 Thread 0x000001e6ba93d770 Uncommon trap: reason=unstable_if action=reinterpret pc=0x000001e6c59c0a84 method=org.jetbrains.kotlin.com.intellij.util.SmartList.get(I)Ljava/lang/Object; @ 13 c2
Event: 26.353 Thread 0x000001e6ba93d770 DEOPT PACKING pc=0x000001e6c59c0a84 sp=0x0000009cbaefdf20
Event: 26.353 Thread 0x000001e6ba93d770 DEOPT UNPACKING pc=0x000001e6c53a69a3 sp=0x0000009cbaefdec0 mode 2

Classes unloaded (0 events):
No events

Classes redefined (0 events):
No events

Internal exceptions (20 events):
Event: 14.994 Thread 0x000001e6ba93d770 Exception <a 'java/lang/NoSuchMethodError'{0x00000000938aea70}: 'int java.lang.invoke.DelegatingMethodHandle$Holder.reinvoke_L(java.lang.Object, java.lang.Object, java.lang.Object, long, int, int)'> (0x00000000938aea70) 
thrown [s\src\hotspot\share\interpreter\linkResolver.cpp, line 771]
Event: 14.997 Thread 0x000001e6ba93d770 Exception <a 'java/lang/NoSuchMethodError'{0x00000000938bd3a8}: 'int java.lang.invoke.DelegatingMethodHandle$Holder.reinvoke_L(java.lang.Object, java.lang.Object, java.lang.Object, long, long, long)'> (0x00000000938bd3a8) 
thrown [s\src\hotspot\share\interpreter\linkResolver.cpp, line 771]
Event: 15.002 Thread 0x000001e6ba93d770 Exception <a 'java/lang/NoSuchMethodError'{0x00000000938cb9c0}: 'int java.lang.invoke.DelegatingMethodHandle$Holder.reinvoke_L(java.lang.Object, java.lang.Object, java.lang.Object, long, int)'> (0x00000000938cb9c0) 
thrown [s\src\hotspot\share\interpreter\linkResolver.cpp, line 771]
Event: 15.390 Thread 0x000001e6ba93d770 Exception <a 'java/lang/NoSuchMethodError'{0x00000000937731b0}: 'int java.lang.invoke.DirectMethodHandle$Holder.invokeStaticInit(java.lang.Object, java.lang.Object, java.lang.Object)'> (0x00000000937731b0) 
thrown [s\src\hotspot\share\interpreter\linkResolver.cpp, line 771]
Event: 15.413 Thread 0x000001e6ba93d770 Exception <a 'java/lang/NoSuchMethodError'{0x000000009379b888}: 'int java.lang.invoke.DirectMethodHandle$Holder.invokeStaticInit(java.lang.Object, java.lang.Object)'> (0x000000009379b888) 
thrown [s\src\hotspot\share\interpreter\linkResolver.cpp, line 771]
Event: 15.564 Thread 0x000001e6ba93d770 Exception <a 'java/lang/NoSuchMethodError'{0x000000009367a4b0}: 'void java.lang.invoke.DirectMethodHandle$Holder.invokeSpecial(java.lang.Object, java.lang.Object, java.lang.Object)'> (0x000000009367a4b0) 
thrown [s\src\hotspot\share\interpreter\linkResolver.cpp, line 771]
Event: 16.573 Thread 0x000001e6ba93d770 Exception <a 'java/lang/NoSuchMethodError'{0x00000000933a0430}: 'void java.lang.invoke.DirectMethodHandle$Holder.invokeStatic(java.lang.Object, java.lang.Object, java.lang.Object, java.lang.Object)'> (0x00000000933a0430) 
thrown [s\src\hotspot\share\interpreter\linkResolver.cpp, line 771]
Event: 16.932 Thread 0x000001e6ba93d770 Exception <a 'java/lang/NoSuchMethodError'{0x0000000092f62ab8}: 'void java.lang.invoke.DirectMethodHandle$Holder.invokeStaticInit(java.lang.Object, java.lang.Object)'> (0x0000000092f62ab8) 
thrown [s\src\hotspot\share\interpreter\linkResolver.cpp, line 771]
Event: 17.652 Thread 0x000001e6ba93d770 Exception <a 'java/lang/NoSuchMethodError'{0x0000000092af3268}: 'void java.lang.invoke.DirectMethodHandle$Holder.invokeVirtual(java.lang.Object, java.lang.Object)'> (0x0000000092af3268) 
thrown [s\src\hotspot\share\interpreter\linkResolver.cpp, line 771]
Event: 17.709 Thread 0x000001e6ba93d770 Exception <a 'java/lang/NoSuchMethodError'{0x000000009293ed08}: 'int java.lang.invoke.DirectMethodHandle$Holder.invokeVirtual(java.lang.Object, java.lang.Object)'> (0x000000009293ed08) 
thrown [s\src\hotspot\share\interpreter\linkResolver.cpp, line 771]
Event: 17.794 Thread 0x000001e6ba93d770 Exception <a 'java/lang/NoSuchMethodError'{0x00000000929d8e48}: 'java.lang.Object java.lang.invoke.Invokers$Holder.invokeExact_MT(java.lang.Object, java.lang.Object, java.lang.Object, java.lang.Object, java.lang.Object, java.lang.Object)'> (0x00000000929d8e48) 
thrown [s\src\hotspot\share\interpreter\linkResolver.cpp, line 771]
Event: 21.296 Thread 0x000001e6ba93d770 Implicit null exception at 0x000001e6c5908df2 to 0x000001e6c59093bc
Event: 22.360 Thread 0x000001e6ba93d770 Implicit null exception at 0x000001e6c590a1f2 to 0x000001e6c590a7cc
Event: 22.725 Thread 0x000001e6ba93d770 Exception <a 'java/lang/NoSuchMethodError'{0x000000009647d250}: 'java.lang.Object java.lang.invoke.DirectMethodHandle$Holder.invokeVirtual(java.lang.Object, java.lang.Object, java.lang.Object)'> (0x000000009647d250) 
thrown [s\src\hotspot\share\interpreter\linkResolver.cpp, line 771]
Event: 25.499 Thread 0x000001e6ba93d770 Exception <a 'java/lang/NoSuchMethodError'{0x0000000094123178}: 'java.lang.Object java.lang.invoke.DirectMethodHandle$Holder.newInvokeSpecial(java.lang.Object, java.lang.Object, int)'> (0x0000000094123178) 
thrown [s\src\hotspot\share\interpreter\linkResolver.cpp, line 771]
Event: 26.030 Thread 0x000001e6ba93d770 Implicit null exception at 0x000001e6c59ff3d3 to 0x000001e6c59ff4d4
Event: 26.118 Thread 0x000001e6ba93d770 Implicit null exception at 0x000001e6c5a03ecc to 0x000001e6c5a03fa8
Event: 26.319 Thread 0x000001e6ba93d770 Exception <a 'java/lang/NoSuchMethodError'{0x0000000093ef4da8}: 'java.lang.Object java.lang.invoke.DirectMethodHandle$Holder.newInvokeSpecial(java.lang.Object, java.lang.Object, java.lang.Object, int)'> (0x0000000093ef4da8) 
thrown [s\src\hotspot\share\interpreter\linkResolver.cpp, line 771]
Event: 26.320 Thread 0x000001e6ba93d770 Exception <a 'java/lang/NoSuchMethodError'{0x0000000093ef9430}: 'java.lang.Object java.lang.invoke.DirectMethodHandle$Holder.invokeSpecial(java.lang.Object, java.lang.Object, java.lang.Object, java.lang.Object, int)'> (0x0000000093ef9430) 
thrown [s\src\hotspot\share\interpreter\linkResolver.cpp, line 771]
Event: 26.321 Thread 0x000001e6ba93d770 Exception <a 'java/lang/NoSuchMethodError'{0x0000000093efd2a0}: 'java.lang.Object java.lang.invoke.Invokers$Holder.linkToTargetMethod(java.lang.Object, java.lang.Object, int, java.lang.Object)'> (0x0000000093efd2a0) 
thrown [s\src\hotspot\share\interpreter\linkResolver.cpp, line 771]

VM Operations (20 events):
Event: 24.365 Executing VM operation: G1CollectForAllocation
Event: 24.377 Executing VM operation: G1CollectForAllocation done
Event: 25.378 Executing VM operation: Cleanup
Event: 25.378 Executing VM operation: Cleanup done
Event: 26.011 Executing VM operation: HandshakeAllThreads
Event: 26.011 Executing VM operation: HandshakeAllThreads done
Event: 26.233 Executing VM operation: HandshakeAllThreads
Event: 26.233 Executing VM operation: HandshakeAllThreads done
Event: 26.311 Executing VM operation: HandshakeAllThreads
Event: 26.311 Executing VM operation: HandshakeAllThreads done
Event: 26.629 Executing VM operation: HandshakeAllThreads
Event: 26.629 Executing VM operation: HandshakeAllThreads done
Event: 26.629 Executing VM operation: Cleanup
Event: 26.630 Executing VM operation: Cleanup done
Event: 26.840 Executing VM operation: G1CollectForAllocation
Event: 26.855 Executing VM operation: G1CollectForAllocation done
Event: 26.858 Executing VM operation: HandshakeAllThreads
Event: 26.858 Executing VM operation: HandshakeAllThreads done
Event: 26.901 Executing VM operation: HandshakeAllThreads
Event: 26.901 Executing VM operation: HandshakeAllThreads done

Events (20 events):
Event: 25.375 loading class java/util/AbstractMap$SimpleImmutableEntry
Event: 25.375 loading class java/util/AbstractMap$SimpleImmutableEntry done
Event: 25.495 loading class java/util/function/IntUnaryOperator
Event: 25.496 loading class java/util/function/IntUnaryOperator done
Event: 26.005 loading class java/util/regex/Pattern$StartS
Event: 26.007 loading class java/util/regex/Pattern$StartS done
Event: 26.155 loading class java/util/ConcurrentModificationException
Event: 26.156 loading class java/util/ConcurrentModificationException done
Event: 26.231 loading class java/util/ArrayList$ListItr
Event: 26.232 loading class java/util/ArrayList$ListItr done
Event: 26.567 loading class java/io/InvalidObjectException
Event: 26.568 loading class java/io/InvalidObjectException done
Event: 26.625 loading class java/util/AbstractList$SubList$1
Event: 26.626 loading class java/util/AbstractList$SubList$1 done
Event: 26.627 loading class java/util/AbstractList$ListItr
Event: 26.628 loading class java/util/AbstractList$ListItr done
Event: 27.039 loading class java/text/StringCharacterIterator
Event: 27.040 loading class java/text/CharacterIterator
Event: 27.041 loading class java/text/CharacterIterator done
Event: 27.041 loading class java/text/StringCharacterIterator done


Dynamic libraries:
0x00007ff7656b0000 - 0x00007ff7656ba000 	C:\Program Files\Android\Android Studio\jbr\bin\java.exe
0x00007fffdcd30000 - 0x00007fffdcf28000 	C:\WINDOWS\SYSTEM32\ntdll.dll
0x00007fffdb440000 - 0x00007fffdb501000 	C:\WINDOWS\System32\KERNEL32.DLL
0x00007fffda450000 - 0x00007fffda74d000 	C:\WINDOWS\System32\KERNELBASE.dll
0x00007fffdaab0000 - 0x00007fffdabb0000 	C:\WINDOWS\System32\ucrtbase.dll
0x00007fffc6600000 - 0x00007fffc661b000 	C:\Program Files\Android\Android Studio\jbr\bin\VCRUNTIME140.dll
0x00007fffc7910000 - 0x00007fffc7927000 	C:\Program Files\Android\Android Studio\jbr\bin\jli.dll
0x00007fffdb170000 - 0x00007fffdb30d000 	C:\WINDOWS\System32\USER32.dll
0x00007fffdac90000 - 0x00007fffdacb2000 	C:\WINDOWS\System32\win32u.dll
0x00007fffdaf50000 - 0x00007fffdaf7b000 	C:\WINDOWS\System32\GDI32.dll
0x00007fffda8e0000 - 0x00007fffda9f7000 	C:\WINDOWS\System32\gdi32full.dll
0x00007fffdacc0000 - 0x00007fffdad5d000 	C:\WINDOWS\System32\msvcp_win.dll
0x00007fffc7ce0000 - 0x00007fffc7f7a000 	C:\WINDOWS\WinSxS\amd64_microsoft.windows.common-controls_6595b64144ccf1df_6.0.19041.4355_none_60b8b9eb71f62e16\COMCTL32.dll
0x00007fffdaff0000 - 0x00007fffdb08e000 	C:\WINDOWS\System32\msvcrt.dll
0x00007fffdb090000 - 0x00007fffdb0bf000 	C:\WINDOWS\System32\IMM32.DLL
0x00007fffc7140000 - 0x00007fffc714c000 	C:\Program Files\Android\Android Studio\jbr\bin\vcruntime140_1.dll
0x00007fff57bf0000 - 0x00007fff57c7d000 	C:\Program Files\Android\Android Studio\jbr\bin\msvcp140.dll
0x00007fff29a40000 - 0x00007fff2a6c3000 	C:\Program Files\Android\Android Studio\jbr\bin\server\jvm.dll
0x00007fffdad80000 - 0x00007fffdae30000 	C:\WINDOWS\System32\ADVAPI32.dll
0x00007fffdaeb0000 - 0x00007fffdaf50000 	C:\WINDOWS\System32\sechost.dll
0x00007fffdc720000 - 0x00007fffdc843000 	C:\WINDOWS\System32\RPCRT4.dll
0x00007fffda8b0000 - 0x00007fffda8d7000 	C:\WINDOWS\System32\bcrypt.dll
0x00007fffda240000 - 0x00007fffda28b000 	C:\WINDOWS\SYSTEM32\POWRPROF.dll
0x00007fffbba30000 - 0x00007fffbba39000 	C:\WINDOWS\SYSTEM32\WSOCK32.dll
0x00007fffdb510000 - 0x00007fffdb57b000 	C:\WINDOWS\System32\WS2_32.dll
0x00007fffd1b10000 - 0x00007fffd1b37000 	C:\WINDOWS\SYSTEM32\WINMM.dll
0x00007fffd11e0000 - 0x00007fffd11ea000 	C:\WINDOWS\SYSTEM32\VERSION.dll
0x00007fffda220000 - 0x00007fffda232000 	C:\WINDOWS\SYSTEM32\UMPDC.dll
0x00007fffd8c00000 - 0x00007fffd8c12000 	C:\WINDOWS\SYSTEM32\kernel.appcore.dll
0x00007fffd65e0000 - 0x00007fffd65ea000 	C:\Program Files\Android\Android Studio\jbr\bin\jimage.dll
0x00007fffd89f0000 - 0x00007fffd8bd4000 	C:\WINDOWS\SYSTEM32\DBGHELP.DLL
0x00007fffc2430000 - 0x00007fffc2464000 	C:\WINDOWS\SYSTEM32\dbgcore.DLL
0x00007fffdabb0000 - 0x00007fffdac32000 	C:\WINDOWS\System32\bcryptPrimitives.dll
0x00007fffd4ae0000 - 0x00007fffd4b05000 	C:\Program Files\Android\Android Studio\jbr\bin\java.dll
0x00007fffd4e90000 - 0x00007fffd4ea8000 	C:\Program Files\Android\Android Studio\jbr\bin\zip.dll
0x00007fffdb6a0000 - 0x00007fffdbe0f000 	C:\WINDOWS\System32\SHELL32.dll
0x00007fffd8170000 - 0x00007fffd8913000 	C:\WINDOWS\SYSTEM32\windows.storage.dll
0x00007fffdc3c0000 - 0x00007fffdc713000 	C:\WINDOWS\System32\combase.dll
0x00007fffd9da0000 - 0x00007fffd9dce000 	C:\WINDOWS\SYSTEM32\Wldp.dll
0x00007fffdb370000 - 0x00007fffdb43d000 	C:\WINDOWS\System32\OLEAUT32.dll
0x00007fffdb0c0000 - 0x00007fffdb16d000 	C:\WINDOWS\System32\SHCORE.dll
0x00007fffdaf90000 - 0x00007fffdafe5000 	C:\WINDOWS\System32\shlwapi.dll
0x00007fffda310000 - 0x00007fffda334000 	C:\WINDOWS\SYSTEM32\profapi.dll
0x00007fffd4e20000 - 0x00007fffd4e39000 	C:\Program Files\Android\Android Studio\jbr\bin\net.dll
0x00007fffd05d0000 - 0x00007fffd06dd000 	C:\WINDOWS\SYSTEM32\WINHTTP.dll
0x00007fffd9b00000 - 0x00007fffd9b6a000 	C:\WINDOWS\system32\mswsock.dll
0x00007fffd4d90000 - 0x00007fffd4da6000 	C:\Program Files\Android\Android Studio\jbr\bin\nio.dll
0x00007fffd4de0000 - 0x00007fffd4df0000 	C:\Program Files\Android\Android Studio\jbr\bin\verify.dll

dbghelp: loaded successfully - version: 4.0.5 - missing functions: none
symbol engine: initialized successfully - sym options: 0x614 - pdb path: .;C:\Program Files\Android\Android Studio\jbr\bin;C:\WINDOWS\SYSTEM32;C:\WINDOWS\WinSxS\amd64_microsoft.windows.common-controls_6595b64144ccf1df_6.0.19041.4355_none_60b8b9eb71f62e16;C:\Program Files\Android\Android Studio\jbr\bin\server

VM Arguments:
java_command: org.jetbrains.kotlin.cli.jvm.K2JVMCompiler @C:\Users\Damyiel\Downloads\basic-android-kotlin-compose-training-tip-calculator-main\basic-android-kotlin-compose-training-tip-calculator-main\app\build\20240925_15905065898134508895.compiler.options
java_class_path (initial): C:\Users\Damyiel\.gradle\caches\modules-2\files-2.1\org.jetbrains.kotlin\kotlin-compiler-embeddable\1.9.10\57ca1b0823ae3ecb451a97e1f8e6de0b19ea5294\kotlin-compiler-embeddable-1.9.10.jar;C:\Users\Damyiel\.gradle\caches\modules-2\files-2.1\org.jetbrains.kotlin\kotlin-stdlib\1.9.10\72812e8a368917ab5c0a5081b56915ffdfec93b7\kotlin-stdlib-1.9.10.jar;C:\Users\Damyiel\.gradle\caches\modules-2\files-2.1\org.jetbrains.kotlin\kotlin-script-runtime\1.9.10\398513a8534701579cccaf5953ea914416b4696c\kotlin-script-runtime-1.9.10.jar;C:\Users\Damyiel\.gradle\caches\modules-2\files-2.1\org.jetbrains.kotlin\kotlin-reflect\1.6.10\1cbe9c92c12a94eea200d23c2bbaedaf3daf5132\kotlin-reflect-1.6.10.jar;C:\Users\Damyiel\.gradle\caches\modules-2\files-2.1\org.jetbrains.kotlin\kotlin-daemon-embeddable\1.9.10\bda2f7daa6b89d2ded2d9e1e0b0cadaf9446ade1\kotlin-daemon-embeddable-1.9.10.jar;C:\Users\Damyiel\.gradle\caches\modules-2\files-2.1\org.jetbrains.intellij.deps\trove4j\1.0.20200330\3afb14d5f9ceb459d724e907a21145e8ff394f02\trove4j-1.0.20200330.jar;C:\Users\Damyiel\.gradle\caches\modules-2\files-2.1\org.jetbrains.kotlin\kotlin-stdlib-common\1.9.10\dafaf2c27f27c09220cee312df10917d9a5d97ce\kotlin-stdlib-common-1.9.10.jar;C:\Users\Damyiel\.gradle\caches\modules-2\files-2.1\org.jetbrains\annotations\13.0\919f0dfe192fb4e063e7dacadee7f8bb9a2672a9\annotations-13.0.jar
Launcher Type: SUN_STANDARD

[Global flags]
     intx CICompilerCount                          = 4                                         {product} {ergonomic}
     uint ConcGCThreads                            = 2                                         {product} {ergonomic}
     uint G1ConcRefinementThreads                  = 8                                         {product} {ergonomic}
   size_t G1HeapRegionSize                         = 1048576                                   {product} {ergonomic}
    uintx GCDrainStackTargetSize                   = 64                                        {product} {ergonomic}
   size_t InitialHeapSize                          = 117440512                                 {product} {ergonomic}
   size_t MarkStackSize                            = 4194304                                   {product} {ergonomic}
   size_t MaxHeapSize                              = 1853882368                                {product} {ergonomic}
   size_t MaxNewSize                               = 1111490560                                {product} {ergonomic}
   size_t MinHeapDeltaBytes                        = 1048576                                   {product} {ergonomic}
   size_t MinHeapSize                              = 8388608                                   {product} {ergonomic}
    uintx NonNMethodCodeHeapSize                   = 5839372                                {pd product} {ergonomic}
    uintx NonProfiledCodeHeapSize                  = 122909434                              {pd product} {ergonomic}
    uintx ProfiledCodeHeapSize                     = 122909434                              {pd product} {ergonomic}
    uintx ReservedCodeCacheSize                    = 251658240                              {pd product} {ergonomic}
     bool SegmentedCodeCache                       = true                                      {product} {ergonomic}
   size_t SoftMaxHeapSize                          = 1853882368                             {manageable} {ergonomic}
     bool UseCompressedClassPointers               = true                           {product lp64_product} {ergonomic}
     bool UseCompressedOops                        = true                           {product lp64_product} {ergonomic}
     bool UseG1GC                                  = true                                      {product} {ergonomic}
     bool UseLargePagesIndividualAllocation        = false                                  {pd product} {ergonomic}

Logging:
Log output configuration:
 #0: stdout all=warning uptime,level,tags
 #1: stderr all=off uptime,level,tags

Environment Variables:
PATH=C:\Program Files\Common Files\Oracle\Java\javapath;C:\WINDOWS\system32;C:\WINDOWS;C:\WINDOWS\System32\Wbem;C:\WINDOWS\System32\WindowsPowerShell\v1.0\;C:\WINDOWS\System32\OpenSSH\;C:\Program Files\Intel\WiFi\bin\;C:\Program Files\Common Files\Intel\WirelessCommon\;C:\Program Files\dotnet\;C:\Program Files\Git\cmd;C:\Users\Damyiel\AppData\Local\Microsoft\WindowsApps;C:\Program Files\JetBrains\PyCharm Community Edition 2022.2.2\bin;;C:\Users\Damyiel\AppData\Local\Programs\Microsoft VS Code\bin;C:\Users\Damyiel\AppData\Local\Box\Box Edit\
USERNAME=Damyiel
OS=Windows_NT
PROCESSOR_IDENTIFIER=AMD64 Family 23 Model 17 Stepping 0, AuthenticAMD
TMP=C:\Users\Damyiel\AppData\Local\Temp
TEMP=C:\Users\Damyiel\AppData\Local\Temp



Periodic native trim disabled

JNI global refs:
JNI global refs: 8, weak refs: 1

JNI global refs memory usage: 843, weak refs: 841

Process memory usage:
Resident Set Size: 158224K (2% of 7239248K total physical memory with 121004K free physical memory)

OOME stack traces (most recent first):
Classloader memory used:
Loader jdk.internal.loader.ClassLoaders$AppClassLoader                                 : 4462K
Loader bootstrap                                                                       : 1273K
Loader java.net.URLClassLoader                                                         : 20071B
Loader jdk.internal.reflect.DelegatingClassLoader                                      : 7363B


---------------  S Y S T E M  ---------------

OS:
 Windows 10 , 64 bit Build 19041 (10.0.19041.4842)
OS uptime: 12 days 17:33 hours

CPU: total 8 (initial active 8) (8 cores per cpu, 2 threads per core) family 23 model 17 stepping 0 microcode 0x0, cx8, cmov, fxsr, ht, mmx, 3dnowpref, sse, sse2, sse3, ssse3, sse4a, sse4.1, sse4.2, popcnt, lzcnt, tsc, tscinvbit, avx, avx2, aes, clmul, bmi1, bmi2, adx, sha, fma, vzeroupper, clflush, clflushopt
Processor Information for all 8 processors :
  Max Mhz: 2000, Current Mhz: 1700, Mhz Limit: 1700

Memory: 4k page, system-wide physical 7069M (114M free)
TotalPageFile size 28573M (AvailPageFile size 4M)
current process WorkingSet (physical memory assigned to process): 154M, peak: 155M
current process commit charge ("private bytes"): 210M, peak: 215M

vm_info: OpenJDK 64-Bit Server VM (17.0.11+0--11852314) for windows-amd64 JRE (17.0.11+0--11852314), built on May 16 2024 21:29:20 by "androidbuild" with MS VC++ 16.10 / 16.11 (VS2019)

END.
